ARM GAS  /tmp/ccAbEZe8.s 			page 1


   1              		.cpu cortex-m3
   2              		.eabi_attribute 20, 1
   3              		.eabi_attribute 21, 1
   4              		.eabi_attribute 23, 3
   5              		.eabi_attribute 24, 1
   6              		.eabi_attribute 25, 1
   7              		.eabi_attribute 26, 1
   8              		.eabi_attribute 30, 1
   9              		.eabi_attribute 34, 1
  10              		.eabi_attribute 18, 4
  11              		.file	"buzzer.c"
  12              		.text
  13              	.Ltext0:
  14              		.cfi_sections	.debug_frame
  15              		.section	.text.BUZZER_Init,"ax",%progbits
  16              		.align	1
  17              		.global	BUZZER_Init
  18              		.arch armv7-m
  19              		.syntax unified
  20              		.thumb
  21              		.thumb_func
  22              		.fpu softvfp
  24              	BUZZER_Init:
  25              	.LFB65:
  26              		.file 1 "Core/Src/buzzer.c"
   1:Core/Src/buzzer.c **** /* USER CODE BEGIN Header */
   2:Core/Src/buzzer.c **** /**
   3:Core/Src/buzzer.c ****   ******************************************************************************
   4:Core/Src/buzzer.c ****   * @file    buzzer.c
   5:Core/Src/buzzer.c ****   * @brief   This file provides code for the configuration
   6:Core/Src/buzzer.c ****   *          of all used GPIO pins.
   7:Core/Src/buzzer.c ****   ******************************************************************************
   8:Core/Src/buzzer.c ****   * @attention
   9:Core/Src/buzzer.c ****   *
  10:Core/Src/buzzer.c ****   * Copyright (c) 2024 STMicroelectronics.
  11:Core/Src/buzzer.c ****   * All rights reserved.
  12:Core/Src/buzzer.c ****   *
  13:Core/Src/buzzer.c ****   * This software is licensed under terms that can be found in the LICENSE file
  14:Core/Src/buzzer.c ****   * in the root directory of this software component.
  15:Core/Src/buzzer.c ****   * If no LICENSE file comes with this software, it is provided AS-IS.
  16:Core/Src/buzzer.c ****   *
  17:Core/Src/buzzer.c ****   ******************************************************************************
  18:Core/Src/buzzer.c ****   */
  19:Core/Src/buzzer.c **** /* USER CODE END Header */
  20:Core/Src/buzzer.c **** 
  21:Core/Src/buzzer.c **** /* Includes ------------------------------------------------------------------*/
  22:Core/Src/buzzer.c **** #include "buzzer.h"
  23:Core/Src/buzzer.c **** 
  24:Core/Src/buzzer.c **** /* USER CODE BEGIN 0 */
  25:Core/Src/buzzer.c **** 
  26:Core/Src/buzzer.c **** /* USER CODE END 0 */
  27:Core/Src/buzzer.c **** 
  28:Core/Src/buzzer.c **** /*----------------------------------------------------------------------------*/
  29:Core/Src/buzzer.c **** /* Configure GPIO                                                             */
  30:Core/Src/buzzer.c **** /*----------------------------------------------------------------------------*/
  31:Core/Src/buzzer.c **** /* USER CODE BEGIN 1 */
  32:Core/Src/buzzer.c **** 
ARM GAS  /tmp/ccAbEZe8.s 			page 2


  33:Core/Src/buzzer.c **** /* USER CODE END 1 */
  34:Core/Src/buzzer.c **** 
  35:Core/Src/buzzer.c **** /** Configure pins as
  36:Core/Src/buzzer.c ****         * Analog
  37:Core/Src/buzzer.c ****         * Input
  38:Core/Src/buzzer.c ****         * Output
  39:Core/Src/buzzer.c ****         * EVENT_OUT
  40:Core/Src/buzzer.c ****         * EXTI
  41:Core/Src/buzzer.c **** */
  42:Core/Src/buzzer.c **** void BUZZER_Init(void)
  43:Core/Src/buzzer.c **** {
  27              		.loc 1 43 1 view -0
  28              		.cfi_startproc
  29              		@ args = 0, pretend = 0, frame = 24
  30              		@ frame_needed = 0, uses_anonymous_args = 0
  31 0000 30B5     		push	{r4, r5, lr}
  32              	.LCFI0:
  33              		.cfi_def_cfa_offset 12
  34              		.cfi_offset 4, -12
  35              		.cfi_offset 5, -8
  36              		.cfi_offset 14, -4
  37 0002 87B0     		sub	sp, sp, #28
  38              	.LCFI1:
  39              		.cfi_def_cfa_offset 40
  44:Core/Src/buzzer.c **** 
  45:Core/Src/buzzer.c ****   GPIO_InitTypeDef GPIO_InitStruct = {0};
  40              		.loc 1 45 3 view .LVU1
  41              		.loc 1 45 20 is_stmt 0 view .LVU2
  42 0004 0024     		movs	r4, #0
  43 0006 0294     		str	r4, [sp, #8]
  44 0008 0394     		str	r4, [sp, #12]
  45 000a 0494     		str	r4, [sp, #16]
  46 000c 0594     		str	r4, [sp, #20]
  46:Core/Src/buzzer.c **** 
  47:Core/Src/buzzer.c ****   /* GPIO Ports Clock Enable */
  48:Core/Src/buzzer.c ****   __HAL_RCC_GPIOA_CLK_ENABLE();
  47              		.loc 1 48 3 is_stmt 1 view .LVU3
  48              	.LBB2:
  49              		.loc 1 48 3 view .LVU4
  50              		.loc 1 48 3 view .LVU5
  51 000e 0F4B     		ldr	r3, .L3
  52 0010 9A69     		ldr	r2, [r3, #24]
  53 0012 42F00402 		orr	r2, r2, #4
  54 0016 9A61     		str	r2, [r3, #24]
  55              		.loc 1 48 3 view .LVU6
  56 0018 9B69     		ldr	r3, [r3, #24]
  57 001a 03F00403 		and	r3, r3, #4
  58 001e 0193     		str	r3, [sp, #4]
  59              		.loc 1 48 3 view .LVU7
  60 0020 019B     		ldr	r3, [sp, #4]
  61              	.LBE2:
  62              		.loc 1 48 3 view .LVU8
  49:Core/Src/buzzer.c **** 
  50:Core/Src/buzzer.c ****   /*Configure GPIO pin Output Level */
  51:Core/Src/buzzer.c ****   HAL_GPIO_WritePin(GPIOB, BUZZER_Pin, GPIO_PIN_SET);
  63              		.loc 1 51 3 view .LVU9
  64 0022 0B4D     		ldr	r5, .L3+4
ARM GAS  /tmp/ccAbEZe8.s 			page 3


  65 0024 0122     		movs	r2, #1
  66 0026 4FF48051 		mov	r1, #4096
  67 002a 2846     		mov	r0, r5
  68 002c FFF7FEFF 		bl	HAL_GPIO_WritePin
  69              	.LVL0:
  52:Core/Src/buzzer.c ****   // HAL_GPIO_WritePin(LED1_GPIO_Port, LED1_Pin, GPIO_PIN_SET);
  53:Core/Src/buzzer.c **** 
  54:Core/Src/buzzer.c ****   
  55:Core/Src/buzzer.c **** 
  56:Core/Src/buzzer.c ****   /*Configure GPIO pin : PtPin */
  57:Core/Src/buzzer.c ****   GPIO_InitStruct.Pin = BUZZER_Pin;
  70              		.loc 1 57 3 view .LVU10
  71              		.loc 1 57 23 is_stmt 0 view .LVU11
  72 0030 4FF48053 		mov	r3, #4096
  73 0034 0293     		str	r3, [sp, #8]
  58:Core/Src/buzzer.c ****   GPIO_InitStruct.Mode = GPIO_MODE_OUTPUT_PP;
  74              		.loc 1 58 3 is_stmt 1 view .LVU12
  75              		.loc 1 58 24 is_stmt 0 view .LVU13
  76 0036 0123     		movs	r3, #1
  77 0038 0393     		str	r3, [sp, #12]
  59:Core/Src/buzzer.c ****   GPIO_InitStruct.Pull = GPIO_NOPULL;
  78              		.loc 1 59 3 is_stmt 1 view .LVU14
  79              		.loc 1 59 24 is_stmt 0 view .LVU15
  80 003a 0494     		str	r4, [sp, #16]
  60:Core/Src/buzzer.c ****   GPIO_InitStruct.Speed = GPIO_SPEED_FREQ_LOW;
  81              		.loc 1 60 3 is_stmt 1 view .LVU16
  82              		.loc 1 60 25 is_stmt 0 view .LVU17
  83 003c 0223     		movs	r3, #2
  84 003e 0593     		str	r3, [sp, #20]
  61:Core/Src/buzzer.c ****   // HAL_GPIO_Init(LED0_GPIO_Port, &GPIO_InitStruct);
  62:Core/Src/buzzer.c ****   HAL_GPIO_Init(GPIOB, &GPIO_InitStruct);
  85              		.loc 1 62 3 is_stmt 1 view .LVU18
  86 0040 02A9     		add	r1, sp, #8
  87 0042 2846     		mov	r0, r5
  88 0044 FFF7FEFF 		bl	HAL_GPIO_Init
  89              	.LVL1:
  63:Core/Src/buzzer.c **** 
  64:Core/Src/buzzer.c **** }
  90              		.loc 1 64 1 is_stmt 0 view .LVU19
  91 0048 07B0     		add	sp, sp, #28
  92              	.LCFI2:
  93              		.cfi_def_cfa_offset 12
  94              		@ sp needed
  95 004a 30BD     		pop	{r4, r5, pc}
  96              	.L4:
  97              		.align	2
  98              	.L3:
  99 004c 00100240 		.word	1073876992
 100 0050 000C0140 		.word	1073810432
 101              		.cfi_endproc
 102              	.LFE65:
 104              		.section	.text.BUZZER_ON,"ax",%progbits
 105              		.align	1
 106              		.global	BUZZER_ON
 107              		.syntax unified
 108              		.thumb
 109              		.thumb_func
ARM GAS  /tmp/ccAbEZe8.s 			page 4


 110              		.fpu softvfp
 112              	BUZZER_ON:
 113              	.LFB66:
  65:Core/Src/buzzer.c **** 
  66:Core/Src/buzzer.c **** /* USER CODE BEGIN 2 */
  67:Core/Src/buzzer.c **** void BUZZER_ON(void){
 114              		.loc 1 67 21 is_stmt 1 view -0
 115              		.cfi_startproc
 116              		@ args = 0, pretend = 0, frame = 0
 117              		@ frame_needed = 0, uses_anonymous_args = 0
 118 0000 08B5     		push	{r3, lr}
 119              	.LCFI3:
 120              		.cfi_def_cfa_offset 8
 121              		.cfi_offset 3, -8
 122              		.cfi_offset 14, -4
  68:Core/Src/buzzer.c ****    HAL_GPIO_WritePin(GPIOB, BUZZER_Pin, GPIO_PIN_RESET);
 123              		.loc 1 68 4 view .LVU21
 124 0002 0022     		movs	r2, #0
 125 0004 4FF48051 		mov	r1, #4096
 126 0008 0148     		ldr	r0, .L7
 127 000a FFF7FEFF 		bl	HAL_GPIO_WritePin
 128              	.LVL2:
  69:Core/Src/buzzer.c **** }
 129              		.loc 1 69 1 is_stmt 0 view .LVU22
 130 000e 08BD     		pop	{r3, pc}
 131              	.L8:
 132              		.align	2
 133              	.L7:
 134 0010 000C0140 		.word	1073810432
 135              		.cfi_endproc
 136              	.LFE66:
 138              		.section	.text.BUZZER_OFF,"ax",%progbits
 139              		.align	1
 140              		.global	BUZZER_OFF
 141              		.syntax unified
 142              		.thumb
 143              		.thumb_func
 144              		.fpu softvfp
 146              	BUZZER_OFF:
 147              	.LFB67:
  70:Core/Src/buzzer.c **** void BUZZER_OFF(void){
 148              		.loc 1 70 22 is_stmt 1 view -0
 149              		.cfi_startproc
 150              		@ args = 0, pretend = 0, frame = 0
 151              		@ frame_needed = 0, uses_anonymous_args = 0
 152 0000 08B5     		push	{r3, lr}
 153              	.LCFI4:
 154              		.cfi_def_cfa_offset 8
 155              		.cfi_offset 3, -8
 156              		.cfi_offset 14, -4
  71:Core/Src/buzzer.c ****    HAL_GPIO_WritePin(GPIOB, BUZZER_Pin, GPIO_PIN_SET);
 157              		.loc 1 71 4 view .LVU24
 158 0002 0122     		movs	r2, #1
 159 0004 4FF48051 		mov	r1, #4096
 160 0008 0148     		ldr	r0, .L11
 161 000a FFF7FEFF 		bl	HAL_GPIO_WritePin
 162              	.LVL3:
ARM GAS  /tmp/ccAbEZe8.s 			page 5


  72:Core/Src/buzzer.c **** }
 163              		.loc 1 72 1 is_stmt 0 view .LVU25
 164 000e 08BD     		pop	{r3, pc}
 165              	.L12:
 166              		.align	2
 167              	.L11:
 168 0010 000C0140 		.word	1073810432
 169              		.cfi_endproc
 170              	.LFE67:
 172              		.text
 173              	.Letext0:
 174              		.file 2 "/usr/lib/gcc/arm-none-eabi/10.3.1/include/stdint.h"
 175              		.file 3 "Drivers/CMSIS/Device/ST/STM32F1xx/Include/stm32f103xb.h"
 176              		.file 4 "Drivers/STM32F1xx_HAL_Driver/Inc/stm32f1xx_hal_gpio.h"
ARM GAS  /tmp/ccAbEZe8.s 			page 6


DEFINED SYMBOLS
                            *ABS*:0000000000000000 buzzer.c
     /tmp/ccAbEZe8.s:16     .text.BUZZER_Init:0000000000000000 $t
     /tmp/ccAbEZe8.s:24     .text.BUZZER_Init:0000000000000000 BUZZER_Init
     /tmp/ccAbEZe8.s:99     .text.BUZZER_Init:000000000000004c $d
     /tmp/ccAbEZe8.s:105    .text.BUZZER_ON:0000000000000000 $t
     /tmp/ccAbEZe8.s:112    .text.BUZZER_ON:0000000000000000 BUZZER_ON
     /tmp/ccAbEZe8.s:134    .text.BUZZER_ON:0000000000000010 $d
     /tmp/ccAbEZe8.s:139    .text.BUZZER_OFF:0000000000000000 $t
     /tmp/ccAbEZe8.s:146    .text.BUZZER_OFF:0000000000000000 BUZZER_OFF
     /tmp/ccAbEZe8.s:168    .text.BUZZER_OFF:0000000000000010 $d

UNDEFINED SYMBOLS
HAL_GPIO_WritePin
HAL_GPIO_Init
