ARM GAS  /tmp/ccUhev3A.s 			page 1


   1              		.cpu cortex-m3
   2              		.eabi_attribute 20, 1
   3              		.eabi_attribute 21, 1
   4              		.eabi_attribute 23, 3
   5              		.eabi_attribute 24, 1
   6              		.eabi_attribute 25, 1
   7              		.eabi_attribute 26, 1
   8              		.eabi_attribute 30, 1
   9              		.eabi_attribute 34, 1
  10              		.eabi_attribute 18, 4
  11              		.file	"gpio.c"
  12              		.text
  13              	.Ltext0:
  14              		.cfi_sections	.debug_frame
  15              		.section	.text.MX_GPIO_Init,"ax",%progbits
  16              		.align	1
  17              		.global	MX_GPIO_Init
  18              		.arch armv7-m
  19              		.syntax unified
  20              		.thumb
  21              		.thumb_func
  22              		.fpu softvfp
  24              	MX_GPIO_Init:
  25              	.LFB65:
  26              		.file 1 "Core/Src/gpio.c"
   1:Core/Src/gpio.c **** /* USER CODE BEGIN Header */
   2:Core/Src/gpio.c **** /**
   3:Core/Src/gpio.c ****   ******************************************************************************
   4:Core/Src/gpio.c ****   * @file    gpio.c
   5:Core/Src/gpio.c ****   * @brief   This file provides code for the configuration
   6:Core/Src/gpio.c ****   *          of all used GPIO pins.
   7:Core/Src/gpio.c ****   ******************************************************************************
   8:Core/Src/gpio.c ****   * @attention
   9:Core/Src/gpio.c ****   *
  10:Core/Src/gpio.c ****   * Copyright (c) 2024 STMicroelectronics.
  11:Core/Src/gpio.c ****   * All rights reserved.
  12:Core/Src/gpio.c ****   *
  13:Core/Src/gpio.c ****   * This software is licensed under terms that can be found in the LICENSE file
  14:Core/Src/gpio.c ****   * in the root directory of this software component.
  15:Core/Src/gpio.c ****   * If no LICENSE file comes with this software, it is provided AS-IS.
  16:Core/Src/gpio.c ****   *
  17:Core/Src/gpio.c ****   ******************************************************************************
  18:Core/Src/gpio.c ****   */
  19:Core/Src/gpio.c **** /* USER CODE END Header */
  20:Core/Src/gpio.c **** 
  21:Core/Src/gpio.c **** /* Includes ------------------------------------------------------------------*/
  22:Core/Src/gpio.c **** #include "gpio.h"
  23:Core/Src/gpio.c **** 
  24:Core/Src/gpio.c **** /* USER CODE BEGIN 0 */
  25:Core/Src/gpio.c **** 
  26:Core/Src/gpio.c **** /* USER CODE END 0 */
  27:Core/Src/gpio.c **** 
  28:Core/Src/gpio.c **** /*----------------------------------------------------------------------------*/
  29:Core/Src/gpio.c **** /* Configure GPIO                                                             */
  30:Core/Src/gpio.c **** /*----------------------------------------------------------------------------*/
  31:Core/Src/gpio.c **** /* USER CODE BEGIN 1 */
  32:Core/Src/gpio.c **** 
ARM GAS  /tmp/ccUhev3A.s 			page 2


  33:Core/Src/gpio.c **** /* USER CODE END 1 */
  34:Core/Src/gpio.c **** 
  35:Core/Src/gpio.c **** /** Configure pins as
  36:Core/Src/gpio.c ****         * Analog
  37:Core/Src/gpio.c ****         * Input
  38:Core/Src/gpio.c ****         * Output
  39:Core/Src/gpio.c ****         * EVENT_OUT
  40:Core/Src/gpio.c ****         * EXTI
  41:Core/Src/gpio.c **** */
  42:Core/Src/gpio.c **** void MX_GPIO_Init(void)
  43:Core/Src/gpio.c **** {
  27              		.loc 1 43 1 view -0
  28              		.cfi_startproc
  29              		@ args = 0, pretend = 0, frame = 24
  30              		@ frame_needed = 0, uses_anonymous_args = 0
  31 0000 30B5     		push	{r4, r5, lr}
  32              	.LCFI0:
  33              		.cfi_def_cfa_offset 12
  34              		.cfi_offset 4, -12
  35              		.cfi_offset 5, -8
  36              		.cfi_offset 14, -4
  37 0002 87B0     		sub	sp, sp, #28
  38              	.LCFI1:
  39              		.cfi_def_cfa_offset 40
  44:Core/Src/gpio.c **** 
  45:Core/Src/gpio.c ****   GPIO_InitTypeDef GPIO_InitStruct = {0};
  40              		.loc 1 45 3 view .LVU1
  41              		.loc 1 45 20 is_stmt 0 view .LVU2
  42 0004 0024     		movs	r4, #0
  43 0006 0294     		str	r4, [sp, #8]
  44 0008 0394     		str	r4, [sp, #12]
  45 000a 0494     		str	r4, [sp, #16]
  46 000c 0594     		str	r4, [sp, #20]
  46:Core/Src/gpio.c **** 
  47:Core/Src/gpio.c ****   /* GPIO Ports Clock Enable */
  48:Core/Src/gpio.c ****   __HAL_RCC_GPIOA_CLK_ENABLE();
  47              		.loc 1 48 3 is_stmt 1 view .LVU3
  48              	.LBB2:
  49              		.loc 1 48 3 view .LVU4
  50              		.loc 1 48 3 view .LVU5
  51 000e 0E4B     		ldr	r3, .L3
  52 0010 9A69     		ldr	r2, [r3, #24]
  53 0012 42F00402 		orr	r2, r2, #4
  54 0016 9A61     		str	r2, [r3, #24]
  55              		.loc 1 48 3 view .LVU6
  56 0018 9B69     		ldr	r3, [r3, #24]
  57 001a 03F00403 		and	r3, r3, #4
  58 001e 0193     		str	r3, [sp, #4]
  59              		.loc 1 48 3 view .LVU7
  60 0020 019B     		ldr	r3, [sp, #4]
  61              	.LBE2:
  62              		.loc 1 48 3 view .LVU8
  49:Core/Src/gpio.c **** 
  50:Core/Src/gpio.c ****   /*Configure GPIO pin Output Level */
  51:Core/Src/gpio.c ****   HAL_GPIO_WritePin(GPIOA, LED0_Pin|LED1_Pin, GPIO_PIN_SET);
  63              		.loc 1 51 3 view .LVU9
  64 0022 0A4D     		ldr	r5, .L3+4
ARM GAS  /tmp/ccUhev3A.s 			page 3


  65 0024 0122     		movs	r2, #1
  66 0026 0321     		movs	r1, #3
  67 0028 2846     		mov	r0, r5
  68 002a FFF7FEFF 		bl	HAL_GPIO_WritePin
  69              	.LVL0:
  52:Core/Src/gpio.c ****   // HAL_GPIO_WritePin(LED1_GPIO_Port, LED1_Pin, GPIO_PIN_SET);
  53:Core/Src/gpio.c **** 
  54:Core/Src/gpio.c ****   
  55:Core/Src/gpio.c **** 
  56:Core/Src/gpio.c ****   /*Configure GPIO pin : PtPin */
  57:Core/Src/gpio.c ****   GPIO_InitStruct.Pin = LED0_Pin|LED1_Pin;
  70              		.loc 1 57 3 view .LVU10
  71              		.loc 1 57 23 is_stmt 0 view .LVU11
  72 002e 0323     		movs	r3, #3
  73 0030 0293     		str	r3, [sp, #8]
  58:Core/Src/gpio.c ****   GPIO_InitStruct.Mode = GPIO_MODE_OUTPUT_PP;
  74              		.loc 1 58 3 is_stmt 1 view .LVU12
  75              		.loc 1 58 24 is_stmt 0 view .LVU13
  76 0032 0123     		movs	r3, #1
  77 0034 0393     		str	r3, [sp, #12]
  59:Core/Src/gpio.c ****   GPIO_InitStruct.Pull = GPIO_NOPULL;
  78              		.loc 1 59 3 is_stmt 1 view .LVU14
  79              		.loc 1 59 24 is_stmt 0 view .LVU15
  80 0036 0494     		str	r4, [sp, #16]
  60:Core/Src/gpio.c ****   GPIO_InitStruct.Speed = GPIO_SPEED_FREQ_LOW;
  81              		.loc 1 60 3 is_stmt 1 view .LVU16
  82              		.loc 1 60 25 is_stmt 0 view .LVU17
  83 0038 0223     		movs	r3, #2
  84 003a 0593     		str	r3, [sp, #20]
  61:Core/Src/gpio.c ****   // HAL_GPIO_Init(LED0_GPIO_Port, &GPIO_InitStruct);
  62:Core/Src/gpio.c ****   HAL_GPIO_Init(GPIOA, &GPIO_InitStruct);
  85              		.loc 1 62 3 is_stmt 1 view .LVU18
  86 003c 02A9     		add	r1, sp, #8
  87 003e 2846     		mov	r0, r5
  88 0040 FFF7FEFF 		bl	HAL_GPIO_Init
  89              	.LVL1:
  63:Core/Src/gpio.c **** 
  64:Core/Src/gpio.c **** }
  90              		.loc 1 64 1 is_stmt 0 view .LVU19
  91 0044 07B0     		add	sp, sp, #28
  92              	.LCFI2:
  93              		.cfi_def_cfa_offset 12
  94              		@ sp needed
  95 0046 30BD     		pop	{r4, r5, pc}
  96              	.L4:
  97              		.align	2
  98              	.L3:
  99 0048 00100240 		.word	1073876992
 100 004c 00080140 		.word	1073809408
 101              		.cfi_endproc
 102              	.LFE65:
 104              		.section	.text.LED0_Toggle,"ax",%progbits
 105              		.align	1
 106              		.global	LED0_Toggle
 107              		.syntax unified
 108              		.thumb
 109              		.thumb_func
ARM GAS  /tmp/ccUhev3A.s 			page 4


 110              		.fpu softvfp
 112              	LED0_Toggle:
 113              	.LFB66:
  65:Core/Src/gpio.c **** 
  66:Core/Src/gpio.c **** /* USER CODE BEGIN 2 */
  67:Core/Src/gpio.c **** void LED0_Toggle(void){
 114              		.loc 1 67 23 is_stmt 1 view -0
 115              		.cfi_startproc
 116              		@ args = 0, pretend = 0, frame = 0
 117              		@ frame_needed = 0, uses_anonymous_args = 0
 118 0000 08B5     		push	{r3, lr}
 119              	.LCFI3:
 120              		.cfi_def_cfa_offset 8
 121              		.cfi_offset 3, -8
 122              		.cfi_offset 14, -4
  68:Core/Src/gpio.c ****   HAL_GPIO_TogglePin(LED0_GPIO_Port,LED0_Pin);
 123              		.loc 1 68 3 view .LVU21
 124 0002 0121     		movs	r1, #1
 125 0004 0148     		ldr	r0, .L7
 126 0006 FFF7FEFF 		bl	HAL_GPIO_TogglePin
 127              	.LVL2:
  69:Core/Src/gpio.c **** }
 128              		.loc 1 69 1 is_stmt 0 view .LVU22
 129 000a 08BD     		pop	{r3, pc}
 130              	.L8:
 131              		.align	2
 132              	.L7:
 133 000c 00080140 		.word	1073809408
 134              		.cfi_endproc
 135              	.LFE66:
 137              		.section	.text.LED1_Toggle,"ax",%progbits
 138              		.align	1
 139              		.global	LED1_Toggle
 140              		.syntax unified
 141              		.thumb
 142              		.thumb_func
 143              		.fpu softvfp
 145              	LED1_Toggle:
 146              	.LFB67:
  70:Core/Src/gpio.c **** void LED1_Toggle(void){
 147              		.loc 1 70 23 is_stmt 1 view -0
 148              		.cfi_startproc
 149              		@ args = 0, pretend = 0, frame = 0
 150              		@ frame_needed = 0, uses_anonymous_args = 0
 151 0000 08B5     		push	{r3, lr}
 152              	.LCFI4:
 153              		.cfi_def_cfa_offset 8
 154              		.cfi_offset 3, -8
 155              		.cfi_offset 14, -4
  71:Core/Src/gpio.c ****   HAL_GPIO_TogglePin(LED1_GPIO_Port,LED1_Pin);
 156              		.loc 1 71 3 view .LVU24
 157 0002 0221     		movs	r1, #2
 158 0004 0148     		ldr	r0, .L11
 159 0006 FFF7FEFF 		bl	HAL_GPIO_TogglePin
 160              	.LVL3:
  72:Core/Src/gpio.c **** }
 161              		.loc 1 72 1 is_stmt 0 view .LVU25
ARM GAS  /tmp/ccUhev3A.s 			page 5


 162 000a 08BD     		pop	{r3, pc}
 163              	.L12:
 164              		.align	2
 165              	.L11:
 166 000c 00080140 		.word	1073809408
 167              		.cfi_endproc
 168              	.LFE67:
 170              		.text
 171              	.Letext0:
 172              		.file 2 "/usr/lib/gcc/arm-none-eabi/10.3.1/include/stdint.h"
 173              		.file 3 "Drivers/CMSIS/Device/ST/STM32F1xx/Include/stm32f103xb.h"
 174              		.file 4 "Drivers/STM32F1xx_HAL_Driver/Inc/stm32f1xx_hal_gpio.h"
ARM GAS  /tmp/ccUhev3A.s 			page 6


DEFINED SYMBOLS
                            *ABS*:0000000000000000 gpio.c
     /tmp/ccUhev3A.s:16     .text.MX_GPIO_Init:0000000000000000 $t
     /tmp/ccUhev3A.s:24     .text.MX_GPIO_Init:0000000000000000 MX_GPIO_Init
     /tmp/ccUhev3A.s:99     .text.MX_GPIO_Init:0000000000000048 $d
     /tmp/ccUhev3A.s:105    .text.LED0_Toggle:0000000000000000 $t
     /tmp/ccUhev3A.s:112    .text.LED0_Toggle:0000000000000000 LED0_Toggle
     /tmp/ccUhev3A.s:133    .text.LED0_Toggle:000000000000000c $d
     /tmp/ccUhev3A.s:138    .text.LED1_Toggle:0000000000000000 $t
     /tmp/ccUhev3A.s:145    .text.LED1_Toggle:0000000000000000 LED1_Toggle
     /tmp/ccUhev3A.s:166    .text.LED1_Toggle:000000000000000c $d

UNDEFINED SYMBOLS
HAL_GPIO_WritePin
HAL_GPIO_Init
HAL_GPIO_TogglePin
