ARM GAS  /tmp/ccbpaoBc.s 			page 1


   1              		.cpu cortex-m3
   2              		.eabi_attribute 20, 1
   3              		.eabi_attribute 21, 1
   4              		.eabi_attribute 23, 3
   5              		.eabi_attribute 24, 1
   6              		.eabi_attribute 25, 1
   7              		.eabi_attribute 26, 1
   8              		.eabi_attribute 30, 1
   9              		.eabi_attribute 34, 1
  10              		.eabi_attribute 18, 4
  11              		.file	"LightSensor.c"
  12              		.text
  13              	.Ltext0:
  14              		.cfi_sections	.debug_frame
  15              		.section	.text.LightSensor_Init,"ax",%progbits
  16              		.align	1
  17              		.global	LightSensor_Init
  18              		.arch armv7-m
  19              		.syntax unified
  20              		.thumb
  21              		.thumb_func
  22              		.fpu softvfp
  24              	LightSensor_Init:
  25              	.LFB65:
  26              		.file 1 "Core/Src/LightSensor.c"
   1:Core/Src/LightSensor.c **** /* USER CODE BEGIN Header */
   2:Core/Src/LightSensor.c **** /**
   3:Core/Src/LightSensor.c ****   ******************************************************************************
   4:Core/Src/LightSensor.c ****   * @file    LightSensor.c
   5:Core/Src/LightSensor.c ****   * @brief   This file provides code for the configuration
   6:Core/Src/LightSensor.c ****   *          of all used GPIO pins.
   7:Core/Src/LightSensor.c ****   ******************************************************************************
   8:Core/Src/LightSensor.c ****   * @attention
   9:Core/Src/LightSensor.c ****   *
  10:Core/Src/LightSensor.c ****   * Copyright (c) 2024 STMicroelectronics.
  11:Core/Src/LightSensor.c ****   * All rights reserved.
  12:Core/Src/LightSensor.c ****   *
  13:Core/Src/LightSensor.c ****   * This software is licensed under terms that can be found in the LICENSE file
  14:Core/Src/LightSensor.c ****   * in the root directory of this software component.
  15:Core/Src/LightSensor.c ****   * If no LICENSE file comes with this software, it is provided AS-IS.
  16:Core/Src/LightSensor.c ****   *
  17:Core/Src/LightSensor.c ****   ******************************************************************************
  18:Core/Src/LightSensor.c ****   */
  19:Core/Src/LightSensor.c **** /* USER CODE END Header */
  20:Core/Src/LightSensor.c **** 
  21:Core/Src/LightSensor.c **** /* Includes ------------------------------------------------------------------*/
  22:Core/Src/LightSensor.c **** #include "LightSensor.h"
  23:Core/Src/LightSensor.c **** 
  24:Core/Src/LightSensor.c **** /* USER CODE BEGIN 0 */
  25:Core/Src/LightSensor.c **** 
  26:Core/Src/LightSensor.c **** /* USER CODE END 0 */
  27:Core/Src/LightSensor.c **** 
  28:Core/Src/LightSensor.c **** /*----------------------------------------------------------------------------*/
  29:Core/Src/LightSensor.c **** /* Configure GPIO                                                             */
  30:Core/Src/LightSensor.c **** /*----------------------------------------------------------------------------*/
  31:Core/Src/LightSensor.c **** /* USER CODE BEGIN 1 */
  32:Core/Src/LightSensor.c **** 
ARM GAS  /tmp/ccbpaoBc.s 			page 2


  33:Core/Src/LightSensor.c **** /* USER CODE END 1 */
  34:Core/Src/LightSensor.c **** 
  35:Core/Src/LightSensor.c **** /** Configure pins as
  36:Core/Src/LightSensor.c ****         * Analog
  37:Core/Src/LightSensor.c ****         * Input
  38:Core/Src/LightSensor.c ****         * Output
  39:Core/Src/LightSensor.c ****         * EVENT_OUT
  40:Core/Src/LightSensor.c ****         * EXTI
  41:Core/Src/LightSensor.c **** */
  42:Core/Src/LightSensor.c **** void LightSensor_Init(void)
  43:Core/Src/LightSensor.c **** {
  27              		.loc 1 43 1 view -0
  28              		.cfi_startproc
  29              		@ args = 0, pretend = 0, frame = 24
  30              		@ frame_needed = 0, uses_anonymous_args = 0
  31 0000 00B5     		push	{lr}
  32              	.LCFI0:
  33              		.cfi_def_cfa_offset 4
  34              		.cfi_offset 14, -4
  35 0002 87B0     		sub	sp, sp, #28
  36              	.LCFI1:
  37              		.cfi_def_cfa_offset 32
  44:Core/Src/LightSensor.c **** 
  45:Core/Src/LightSensor.c ****   GPIO_InitTypeDef GPIO_InitStruct = {0};
  38              		.loc 1 45 3 view .LVU1
  39              		.loc 1 45 20 is_stmt 0 view .LVU2
  40 0004 0023     		movs	r3, #0
  41 0006 0293     		str	r3, [sp, #8]
  42 0008 0393     		str	r3, [sp, #12]
  43 000a 0493     		str	r3, [sp, #16]
  44 000c 0593     		str	r3, [sp, #20]
  46:Core/Src/LightSensor.c **** 
  47:Core/Src/LightSensor.c ****   /* GPIO Ports Clock Enable */
  48:Core/Src/LightSensor.c ****   __HAL_RCC_GPIOA_CLK_ENABLE();
  45              		.loc 1 48 3 is_stmt 1 view .LVU3
  46              	.LBB2:
  47              		.loc 1 48 3 view .LVU4
  48              		.loc 1 48 3 view .LVU5
  49 000e 03F18043 		add	r3, r3, #1073741824
  50 0012 03F50433 		add	r3, r3, #135168
  51 0016 9A69     		ldr	r2, [r3, #24]
  52 0018 42F00402 		orr	r2, r2, #4
  53 001c 9A61     		str	r2, [r3, #24]
  54              		.loc 1 48 3 view .LVU6
  55 001e 9B69     		ldr	r3, [r3, #24]
  56 0020 03F00403 		and	r3, r3, #4
  57 0024 0193     		str	r3, [sp, #4]
  58              		.loc 1 48 3 view .LVU7
  59 0026 019B     		ldr	r3, [sp, #4]
  60              	.LBE2:
  61              		.loc 1 48 3 view .LVU8
  49:Core/Src/LightSensor.c **** 
  50:Core/Src/LightSensor.c ****   /*Configure GPIO pin Output Level */
  51:Core/Src/LightSensor.c **** //   HAL_GPIO_WritePin(GPIOB,LIGHTSENSOR_PIN, GPIO_PIN_SET);
  52:Core/Src/LightSensor.c ****   // HAL_GPIO_WritePin(LED1_GPIO_Port, LED1_Pin, GPIO_PIN_SET);
  53:Core/Src/LightSensor.c **** 
  54:Core/Src/LightSensor.c ****   
ARM GAS  /tmp/ccbpaoBc.s 			page 3


  55:Core/Src/LightSensor.c **** 
  56:Core/Src/LightSensor.c ****   /*Configure GPIO pin : PtPin */
  57:Core/Src/LightSensor.c ****   GPIO_InitStruct.Pin = LIGHTSENSOR_Pin;
  62              		.loc 1 57 3 view .LVU9
  63              		.loc 1 57 23 is_stmt 0 view .LVU10
  64 0028 4FF40053 		mov	r3, #8192
  65 002c 0293     		str	r3, [sp, #8]
  58:Core/Src/LightSensor.c ****   GPIO_InitStruct.Mode = GPIO_MODE_INPUT;
  66              		.loc 1 58 3 is_stmt 1 view .LVU11
  59:Core/Src/LightSensor.c ****   GPIO_InitStruct.Pull = GPIO_PULLUP;
  67              		.loc 1 59 3 view .LVU12
  68              		.loc 1 59 24 is_stmt 0 view .LVU13
  69 002e 0123     		movs	r3, #1
  70 0030 0493     		str	r3, [sp, #16]
  60:Core/Src/LightSensor.c ****   GPIO_InitStruct.Speed = GPIO_SPEED_FREQ_LOW;
  71              		.loc 1 60 3 is_stmt 1 view .LVU14
  72              		.loc 1 60 25 is_stmt 0 view .LVU15
  73 0032 0223     		movs	r3, #2
  74 0034 0593     		str	r3, [sp, #20]
  61:Core/Src/LightSensor.c ****   // HAL_GPIO_Init(LED0_GPIO_Port, &GPIO_InitStruct);
  62:Core/Src/LightSensor.c ****   HAL_GPIO_Init(GPIOB, &GPIO_InitStruct);
  75              		.loc 1 62 3 is_stmt 1 view .LVU16
  76 0036 02A9     		add	r1, sp, #8
  77 0038 0248     		ldr	r0, .L3
  78 003a FFF7FEFF 		bl	HAL_GPIO_Init
  79              	.LVL0:
  63:Core/Src/LightSensor.c **** 
  64:Core/Src/LightSensor.c **** }
  80              		.loc 1 64 1 is_stmt 0 view .LVU17
  81 003e 07B0     		add	sp, sp, #28
  82              	.LCFI2:
  83              		.cfi_def_cfa_offset 4
  84              		@ sp needed
  85 0040 5DF804FB 		ldr	pc, [sp], #4
  86              	.L4:
  87              		.align	2
  88              	.L3:
  89 0044 000C0140 		.word	1073810432
  90              		.cfi_endproc
  91              	.LFE65:
  93              		.section	.text.LightSensor_get,"ax",%progbits
  94              		.align	1
  95              		.global	LightSensor_get
  96              		.syntax unified
  97              		.thumb
  98              		.thumb_func
  99              		.fpu softvfp
 101              	LightSensor_get:
 102              	.LFB66:
  65:Core/Src/LightSensor.c **** 
  66:Core/Src/LightSensor.c **** /* USER CODE BEGIN 2 */
  67:Core/Src/LightSensor.c **** GPIO_PinState LightSensor_get(){
 103              		.loc 1 67 32 is_stmt 1 view -0
 104              		.cfi_startproc
 105              		@ args = 0, pretend = 0, frame = 0
 106              		@ frame_needed = 0, uses_anonymous_args = 0
 107 0000 08B5     		push	{r3, lr}
ARM GAS  /tmp/ccbpaoBc.s 			page 4


 108              	.LCFI3:
 109              		.cfi_def_cfa_offset 8
 110              		.cfi_offset 3, -8
 111              		.cfi_offset 14, -4
  68:Core/Src/LightSensor.c ****     return HAL_GPIO_ReadPin(GPIOB,LIGHTSENSOR_Pin);
 112              		.loc 1 68 5 view .LVU19
 113              		.loc 1 68 12 is_stmt 0 view .LVU20
 114 0002 4FF40051 		mov	r1, #8192
 115 0006 0248     		ldr	r0, .L7
 116 0008 FFF7FEFF 		bl	HAL_GPIO_ReadPin
 117              	.LVL1:
  69:Core/Src/LightSensor.c **** }
 118              		.loc 1 69 1 view .LVU21
 119 000c 08BD     		pop	{r3, pc}
 120              	.L8:
 121 000e 00BF     		.align	2
 122              	.L7:
 123 0010 000C0140 		.word	1073810432
 124              		.cfi_endproc
 125              	.LFE66:
 127              		.text
 128              	.Letext0:
 129              		.file 2 "/usr/lib/gcc/arm-none-eabi/10.3.1/include/stdint.h"
 130              		.file 3 "Drivers/CMSIS/Device/ST/STM32F1xx/Include/stm32f103xb.h"
 131              		.file 4 "Drivers/STM32F1xx_HAL_Driver/Inc/stm32f1xx_hal_gpio.h"
ARM GAS  /tmp/ccbpaoBc.s 			page 5


DEFINED SYMBOLS
                            *ABS*:0000000000000000 LightSensor.c
     /tmp/ccbpaoBc.s:16     .text.LightSensor_Init:0000000000000000 $t
     /tmp/ccbpaoBc.s:24     .text.LightSensor_Init:0000000000000000 LightSensor_Init
     /tmp/ccbpaoBc.s:89     .text.LightSensor_Init:0000000000000044 $d
     /tmp/ccbpaoBc.s:94     .text.LightSensor_get:0000000000000000 $t
     /tmp/ccbpaoBc.s:101    .text.LightSensor_get:0000000000000000 LightSensor_get
     /tmp/ccbpaoBc.s:123    .text.LightSensor_get:0000000000000010 $d

UNDEFINED SYMBOLS
HAL_GPIO_Init
HAL_GPIO_ReadPin
